0 info it worked if it ends with ok
1 verbose cli [
1 verbose cli   'D:\\node\\node.exe',
1 verbose cli   'E:\\万全\\甲方可见\\programs\\node_modules\\npm\\bin\\npm-cli.js',
1 verbose cli   'install'
1 verbose cli ]
2 info using npm@3.10.10
3 info using node@v12.20.0
4 silly loadCurrentTree Starting
5 silly install loadCurrentTree
6 silly install readLocalPackageData
7 verbose stack TypeError: cb.apply is not a function
7 verbose stack     at E:\万全\甲方可见\programs\node_modules\npm\node_modules\graceful-fs\polyfills.js:267:18
7 verbose stack     at FSReqCallback.oncomplete (fs.js:169:5)
8 verbose cwd E:\万全\甲方可见\programs
9 error Windows_NT 6.1.7601
10 error argv "D:\\node\\node.exe" "E:\\万全\\甲方可见\\programs\\node_modules\\npm\\bin\\npm-cli.js" "install"
11 error node v12.20.0
12 error npm  v3.10.10
13 error cb.apply is not a function
14 error If you need help, you may report this error at:
14 error     <https://github.com/npm/npm/issues>
15 verbose exit [ 1, true ]
